<<<<<<< HEAD
﻿生成启动时间为 2018/10/24 17:37:00。
     1>项目“D:\Github\Git_10_\TEST_10_16\stackshow\stackshow\stackshow.vcxproj”在节点 2 上(Build 个目标)。
=======
﻿生成启动时间为 2018/10/23 22:59:37。
     1>项目“D:\test\练习\stackshow\stackshow\stackshow.vcxproj”在节点 2 上(Build 个目标)。
>>>>>>> 524c32577a6a91a4ff6e61be3a3eab62f2012481
     1>ClCompile:
         D:\VS2013\VC\bin\CL.exe /c /ZI /nologo /W3 /WX- /sdl /Od /Oy- /D WIN32 /D _DEBUG /D _CONSOLE /D _LIB /D _UNICODE /D UNICODE /Gm /EHsc /RTC1 /MDd /GS /fp:precise /Zc:wchar_t /Zc:forScope /Fo"Debug\\" /Fd"Debug\vc120.pdb" /Gd /TC /analyze- /errorReport:prompt test.c
         test.c
       Link:
<<<<<<< HEAD
         D:\VS2013\VC\bin\link.exe /ERRORREPORT:PROMPT /OUT:"D:\Github\Git_10_\TEST_10_16\stackshow\Debug\stackshow.exe" /INCREMENTAL /NOLOGO kernel32.lib user32.lib gdi32.lib winspool.lib comdlg32.lib advapi32.lib shell32.lib ole32.lib oleaut32.lib uuid.lib odbc32.lib odbccp32.lib /MANIFEST /MANIFESTUAC:"level='asInvoker' uiAccess='false'" /manifest:embed /DEBUG /PDB:"D:\Github\Git_10_\TEST_10_16\stackshow\Debug\stackshow.pdb" /SUBSYSTEM:CONSOLE /TLBID:1 /DYNAMICBASE /NXCOMPAT /IMPLIB:"D:\Github\Git_10_\TEST_10_16\stackshow\Debug\stackshow.lib" /MACHINE:X86 Debug\test.obj
         stackshow.vcxproj -> D:\Github\Git_10_\TEST_10_16\stackshow\Debug\stackshow.exe
     1>已完成生成项目“D:\Github\Git_10_\TEST_10_16\stackshow\stackshow\stackshow.vcxproj”(Build 个目标)的操作。

生成成功。

已用时间 00:00:01.23
=======
         D:\VS2013\VC\bin\link.exe /ERRORREPORT:PROMPT /OUT:"D:\test\练习\stackshow\Debug\stackshow.exe" /INCREMENTAL /NOLOGO kernel32.lib user32.lib gdi32.lib winspool.lib comdlg32.lib advapi32.lib shell32.lib ole32.lib oleaut32.lib uuid.lib odbc32.lib odbccp32.lib /MANIFEST /MANIFESTUAC:"level='asInvoker' uiAccess='false'" /manifest:embed /DEBUG /PDB:"D:\test\练习\stackshow\Debug\stackshow.pdb" /SUBSYSTEM:CONSOLE /TLBID:1 /DYNAMICBASE /NXCOMPAT /IMPLIB:"D:\test\练习\stackshow\Debug\stackshow.lib" /MACHINE:X86 Debug\test.obj
         stackshow.vcxproj -> D:\test\练习\stackshow\Debug\stackshow.exe
     1>已完成生成项目“D:\test\练习\stackshow\stackshow\stackshow.vcxproj”(Build 个目标)的操作。

生成成功。

已用时间 00:00:00.50
>>>>>>> 524c32577a6a91a4ff6e61be3a3eab62f2012481
